<?xml version="1.0" encoding="UTF-8"?>
<!-- Generated by org.testng.reporters.JUnitReportReporter -->
<testsuite hostname="WINCTRL-O2I0NJ9" failures="0" tests="1" name="Velocity_TestNG.Login" time="0.008" errors="0" timestamp="2022-11-17T13:08:28 IST" skipped="0">
  <testcase classname="Velocity_TestNG.Login" name="A" time="0.008"/>
  <system-out/>
</testsuite> <!-- Velocity_TestNG.Login -->
