<?xml version="1.0" encoding="UTF-8"?>
<!-- Generated by org.testng.reporters.JUnitReportReporter -->
<testsuite hostname="WINCTRL-O2I0NJ9" failures="0" tests="2" name="Velocity_TestNG.ParallelExecution" time="97.601" errors="0" timestamp="2022-12-13T19:28:33 IST" skipped="0">
  <testcase classname="Velocity_TestNG.ParallelExecution" name="test1" time="55.461"/>
  <system-out/>
  <testcase classname="Velocity_TestNG.ParallelExecution" name="test2" time="42.140"/>
  <system-out/>
</testsuite> <!-- Velocity_TestNG.ParallelExecution -->
