<?xml version="1.0" encoding="UTF-8"?>
<!-- Generated by org.testng.reporters.JUnitReportReporter -->
<testsuite hostname="WINCTRL-O2I0NJ9" failures="0" tests="1" name="Velocity_TestNG.Example1" time="57.663" errors="0" timestamp="2022-11-06T14:36:15 IST" skipped="0">
  <testcase classname="Velocity_TestNG.Example1" name="login" time="57.663"/>
  <system-out/>
</testsuite> <!-- Velocity_TestNG.Example1 -->
