<?xml version="1.0" encoding="UTF-8"?>
<!-- Generated by org.testng.reporters.JUnitReportReporter -->
<testsuite hostname="WINCTRL-O2I0NJ9" failures="0" tests="1" name="Velocity_TestNG.ParallelExecution2" time="20.842" errors="0" timestamp="2022-12-13T19:24:24 IST" skipped="0">
  <testcase classname="Velocity_TestNG.ParallelExecution2" name="test2" time="20.842"/>
  <system-out/>
</testsuite> <!-- Velocity_TestNG.ParallelExecution2 -->
