<?xml version="1.0" encoding="UTF-8"?>
<!-- Generated by org.testng.reporters.JUnitReportReporter -->
<testsuite hostname="WINCTRL-O2I0NJ9" failures="0" tests="4" name="Velocity_TestNG.Grouping" time="69.172" errors="0" timestamp="2022-12-13T18:50:13 IST" skipped="0">
  <testcase classname="Velocity_TestNG.Grouping" name="launchBrowser" time="42.721"/>
  <system-out/>
  <testcase classname="Velocity_TestNG.Grouping" name="launchBrowser" time="18.467"/>
  <system-out/>
  <testcase classname="Velocity_TestNG.Grouping" name="sendText" time="7.570"/>
  <system-out/>
  <testcase classname="Velocity_TestNG.Grouping" name="closeBrowser" time="0.414"/>
  <system-out/>
</testsuite> <!-- Velocity_TestNG.Grouping -->
