<?xml version="1.0" encoding="UTF-8"?>
<!-- Generated by org.testng.reporters.JUnitReportReporter -->
<testsuite hostname="WINCTRL-O2I0NJ9" failures="0" tests="1" name="Velocity_TestNG.EnableDisable" time="21.277" errors="0" timestamp="2022-11-22T16:31:50 IST" skipped="0">
  <testcase classname="Velocity_TestNG.EnableDisable" name="login" time="21.277"/>
  <system-out/>
</testsuite> <!-- Velocity_TestNG.EnableDisable -->
