<?xml version="1.0" encoding="UTF-8"?>
<!-- Generated by org.testng.reporters.JUnitReportReporter -->
<testsuite hostname="WINCTRL-O2I0NJ9" failures="0" tests="5" name="Velocity_TestNG.AnnotationsSample" time="50.052" errors="0" timestamp="2022-11-21T15:21:27 IST" skipped="0">
  <testcase classname="Velocity_TestNG.AnnotationsSample" name="LoginDetails" time="3.161"/>
  <system-out/>
  <testcase classname="Velocity_TestNG.AnnotationsSample" name="verifyMyInfo" time="3.745"/>
  <system-out/>
  <testcase classname="Velocity_TestNG.AnnotationsSample" name="LoginDetails" time="2.875"/>
  <system-out/>
  <testcase classname="Velocity_TestNG.AnnotationsSample" name="LaunchApp" time="17.128"/>
  <system-out/>
  <testcase classname="Velocity_TestNG.AnnotationsSample" name="LaunchApp" time="23.143"/>
  <system-out/>
</testsuite> <!-- Velocity_TestNG.AnnotationsSample -->
