<?xml version="1.0" encoding="UTF-8"?>
<!-- Generated by org.testng.reporters.JUnitReportReporter -->
<testsuite hostname="WINCTRL-O2I0NJ9" failures="0" tests="1" name="Velocity_TestNG.TestGoogle" time="87.797" errors="0" timestamp="2022-11-22T16:36:54 IST" skipped="0">
  <testcase classname="Velocity_TestNG.TestGoogle" name="test1" time="87.797"/>
  <system-out/>
</testsuite> <!-- Velocity_TestNG.TestGoogle -->
