<?xml version="1.0" encoding="UTF-8"?>
<!-- Generated by org.testng.reporters.JUnitReportReporter -->
<testsuite hostname="WINCTRL-O2I0NJ9" failures="0" tests="4" name="Velocity_TestNG.Sample" time="0.045" errors="0" timestamp="2022-11-17T13:21:03 IST" skipped="0">
  <testcase classname="Velocity_TestNG.Sample" name="Setup" time="0.033"/>
  <system-out/>
  <testcase classname="Velocity_TestNG.Sample" name="Setup" time="0.005"/>
  <system-out/>
  <testcase classname="Velocity_TestNG.Sample" name="Login" time="0.004"/>
  <system-out/>
  <testcase classname="Velocity_TestNG.Sample" name="Closing" time="0.003"/>
  <system-out/>
</testsuite> <!-- Velocity_TestNG.Sample -->
